  maincpp.cpp
C:\Users\shawn\Documents\graphics-project\Graphics\Shader.h(56,40): warning C4101: 'e': unreferenced local variable
C:\Users\shawn\Documents\graphics-project\Graphics\Mesh.h(84,1): warning C4267: 'argument': conversion from 'size_t' to 'GLsizei', possible loss of data
C:\Users\shawn\Documents\graphics-project\Graphics\maincpp.cpp(466,28): warning C4244: 'initializing': conversion from 'double' to 'float', possible loss of data
C:\Users\shawn\Documents\graphics-project\Graphics\maincpp.cpp(519,62): warning C4305: 'argument': truncation from 'double' to 'float'
C:\Users\shawn\Documents\graphics-project\Graphics\maincpp.cpp(520,66): warning C4305: 'argument': truncation from 'double' to 'float'
C:\Users\shawn\Documents\graphics-project\Graphics\maincpp.cpp(527,62): warning C4305: 'argument': truncation from 'double' to 'float'
C:\Users\shawn\Documents\graphics-project\Graphics\maincpp.cpp(528,66): warning C4305: 'argument': truncation from 'double' to 'float'
C:\Users\shawn\Documents\graphics-project\Graphics\maincpp.cpp(535,62): warning C4305: 'argument': truncation from 'double' to 'float'
C:\Users\shawn\Documents\graphics-project\Graphics\maincpp.cpp(536,66): warning C4305: 'argument': truncation from 'double' to 'float'
C:\Users\shawn\Documents\graphics-project\Graphics\maincpp.cpp(543,62): warning C4305: 'argument': truncation from 'double' to 'float'
C:\Users\shawn\Documents\graphics-project\Graphics\maincpp.cpp(544,66): warning C4305: 'argument': truncation from 'double' to 'float'
C:\Users\shawn\Documents\graphics-project\Graphics\maincpp.cpp(686,17): warning C4244: '=': conversion from 'double' to 'float', possible loss of data
C:\Users\shawn\Documents\graphics-project\Graphics\maincpp.cpp(687,17): warning C4244: '=': conversion from 'double' to 'float', possible loss of data
C:\Users\shawn\Documents\graphics-project\Graphics\maincpp.cpp(691,19): warning C4244: 'initializing': conversion from 'double' to 'float', possible loss of data
C:\Users\shawn\Documents\graphics-project\Graphics\maincpp.cpp(692,19): warning C4244: 'initializing': conversion from 'double' to 'float', possible loss of data
C:\Users\shawn\Documents\graphics-project\Graphics\maincpp.cpp(694,13): warning C4244: '=': conversion from 'double' to 'float', possible loss of data
C:\Users\shawn\Documents\graphics-project\Graphics\maincpp.cpp(695,13): warning C4244: '=': conversion from 'double' to 'float', possible loss of data
C:\Users\shawn\Documents\graphics-project\Graphics\maincpp.cpp(704,31): warning C4244: 'argument': conversion from 'double' to 'float', possible loss of data
  Graphics_Project.vcxproj -> C:\Users\shawn\Documents\graphics-project\Graphics\x64\Debug\Graphics_Project.exe
